<?xml version="1.0" encoding="UTF-8"?>
<!-- Generated by org.testng.reporters.JUnitReportReporter -->
<testsuite skipped="0" hostname="DESKTOP-6AJ6SAC" name="com.training.regression.tests.RetrievalProductDetailsFromDBRTTC_073" tests="1" failures="0" timestamp="21 Jun 2019 06:31:06 GMT" time="22.806" errors="0">
  <testcase name="DBRetrieval" time="22.806" classname="com.training.regression.tests.RetrievalProductDetailsFromDBRTTC_073"/>
</testsuite> <!-- com.training.regression.tests.RetrievalProductDetailsFromDBRTTC_073 -->
