<?xml version="1.0" encoding="UTF-8"?>
<!-- Generated by org.testng.reporters.JUnitReportReporter -->
<testsuite skipped="0" hostname="DESKTOP-6AJ6SAC" name="com.training.sanity.tests.EditProductRTTC_043Tests" tests="3" failures="0" timestamp="06 Jun 2019 12:06:07 GMT" time="25.111" errors="0">
  <testcase name="validLoginTest" time="10.767" classname="com.training.sanity.tests.EditProductRTTC_043Tests"/>
  <testcase name="CatalogTest" time="8.908" classname="com.training.sanity.tests.EditProductRTTC_043Tests"/>
  <testcase name="EditProducts" time="5.436" classname="com.training.sanity.tests.EditProductRTTC_043Tests"/>
</testsuite> <!-- com.training.sanity.tests.EditProductRTTC_043Tests -->
