<?xml version="1.0" encoding="UTF-8"?>
<!-- Generated by org.testng.reporters.JUnitReportReporter -->
<testsuite skipped="0" hostname="DESKTOP-6AJ6SAC" name="com.training.sanity.tests.AddingProductRTTC_042Tests" tests="3" failures="0" timestamp="06 Jun 2019 12:02:54 GMT" time="22.086" errors="0">
  <testcase name="validLoginTest" time="3.136" classname="com.training.sanity.tests.AddingProductRTTC_042Tests"/>
  <testcase name="CatalogTest" time="3.354" classname="com.training.sanity.tests.AddingProductRTTC_042Tests"/>
  <testcase name="AddNewProduct" time="15.596" classname="com.training.sanity.tests.AddingProductRTTC_042Tests"/>
</testsuite> <!-- com.training.sanity.tests.AddingProductRTTC_042Tests -->
