<?xml version="1.0" encoding="UTF-8"?>
<!-- Generated by org.testng.reporters.JUnitReportReporter -->
<testsuite skipped="0" hostname="DESKTOP-6AJ6SAC" name="com.training.sanity.tests.Catalog_RTTC_012Tests" tests="3" failures="0" timestamp="28 May 2019 13:53:59 GMT" time="18.401" errors="0">
  <testcase name="setUp" time="11.849" classname="com.training.sanity.tests.Catalog_RTTC_012Tests"/>
  <testcase name="validLoginTest" time="4.289" classname="com.training.sanity.tests.Catalog_RTTC_012Tests"/>
  <testcase name="CatalogTest" time="2.263" classname="com.training.sanity.tests.Catalog_RTTC_012Tests"/>
</testsuite> <!-- com.training.sanity.tests.Catalog_RTTC_012Tests -->
