<?xml version="1.0" encoding="UTF-8"?>
<!-- Generated by org.testng.reporters.JUnitReportReporter -->
<testsuite skipped="0" hostname="DESKTOP-6AJ6SAC" name="com.training.sanity.tests.RetailLogin_RTTC_011Tests" tests="2" failures="0" timestamp="29 May 2019 05:11:10 GMT" time="13.026" errors="0">
  <testcase name="setUp" time="9.905" classname="com.training.sanity.tests.RetailLogin_RTTC_011Tests"/>
  <testcase name="validLoginTest" time="3.121" classname="com.training.sanity.tests.RetailLogin_RTTC_011Tests"/>
</testsuite> <!-- com.training.sanity.tests.RetailLogin_RTTC_011Tests -->
