<?xml version="1.0" encoding="UTF-8"?>
<!-- Generated by org.testng.reporters.JUnitReportReporter -->
<testsuite skipped="0" hostname="DESKTOP-6AJ6SAC" name="com.training.sanity.tests.ProductsFilterRTTC_041Tests" tests="3" failures="0" timestamp="06 Jun 2019 11:57:14 GMT" time="24.771" errors="0">
  <testcase name="validLoginTest" time="2.553" classname="com.training.sanity.tests.ProductsFilterRTTC_041Tests"/>
  <testcase name="CatalogTest" time="4.551" classname="com.training.sanity.tests.ProductsFilterRTTC_041Tests"/>
  <testcase name="validProductCredentialsTest" time="17.667" classname="com.training.sanity.tests.ProductsFilterRTTC_041Tests"/>
</testsuite> <!-- com.training.sanity.tests.ProductsFilterRTTC_041Tests -->
