<?xml version="1.0" encoding="UTF-8"?>
<!-- Generated by org.testng.reporters.JUnitReportReporter -->
<testsuite skipped="0" hostname="DESKTOP-6AJ6SAC" name="com.training.sanity.tests.MultipleDeleteRTTC_044Tests" tests="3" failures="0" timestamp="06 Jun 2019 12:07:41 GMT" time="18.896" errors="0">
  <testcase name="validLoginTest" time="4.668" classname="com.training.sanity.tests.MultipleDeleteRTTC_044Tests"/>
  <testcase name="CatalogTest" time="9.538" classname="com.training.sanity.tests.MultipleDeleteRTTC_044Tests"/>
  <testcase name="MultipleDelete" time="4.690" classname="com.training.sanity.tests.MultipleDeleteRTTC_044Tests"/>
</testsuite> <!-- com.training.sanity.tests.MultipleDeleteRTTC_044Tests -->
