<?xml version="1.0" encoding="UTF-8"?>
<!-- Generated by org.testng.reporters.JUnitReportReporter -->
<testsuite skipped="0" hostname="DESKTOP-6AJ6SAC" name="com.training.sanity.tests.ProductDetails_RTTC_014Tests" tests="3" failures="0" timestamp="06 Jun 2019 11:53:33 GMT" time="15.500" errors="0">
  <testcase name="validLoginTest" time="3.658" classname="com.training.sanity.tests.ProductDetails_RTTC_014Tests"/>
  <testcase name="CatalogTest" time="4.656" classname="com.training.sanity.tests.ProductDetails_RTTC_014Tests"/>
  <testcase name="validProductCredentialsTest" time="7.186" classname="com.training.sanity.tests.ProductDetails_RTTC_014Tests"/>
</testsuite> <!-- com.training.sanity.tests.ProductDetails_RTTC_014Tests -->
