<?xml version="1.0" encoding="UTF-8"?>
<!-- Generated by org.testng.reporters.JUnitReportReporter -->
<testsuite skipped="0" hostname="DESKTOP-6AJ6SAC" name="com.training.sanity.tests.DeleteOkTests_RTTC_013" tests="3" failures="0" timestamp="06 Jun 2019 11:52:16 GMT" time="10.258" errors="0">
  <testcase name="validLoginTest" time="5.996" classname="com.training.sanity.tests.DeleteOkTests_RTTC_013"/>
  <testcase name="CatalogTest" time="2.447" classname="com.training.sanity.tests.DeleteOkTests_RTTC_013"/>
  <testcase name="CatalogName" time="1.815" classname="com.training.sanity.tests.DeleteOkTests_RTTC_013"/>
</testsuite> <!-- com.training.sanity.tests.DeleteOkTests_RTTC_013 -->
