<?xml version="1.0" encoding="UTF-8"?>
<!-- Generated by org.testng.reporters.JUnitReportReporter -->
<testsuite skipped="0" hostname="DESKTOP-6AJ6SAC" name="com.training.regression.tests.Add_mulproduct_rewardspoint_RTTC_071" tests="4" failures="0" timestamp="21 Jun 2019 05:45:41 GMT" time="116.917" errors="0">
  <testcase name="loginDBTest" time="24.089" classname="com.training.regression.tests.Add_mulproduct_rewardspoint_RTTC_071"/>
  <testcase name="loginDBTest" time="43.147" classname="com.training.regression.tests.Add_mulproduct_rewardspoint_RTTC_071"/>
  <testcase name="loginDBTest" time="22.827" classname="com.training.regression.tests.Add_mulproduct_rewardspoint_RTTC_071"/>
  <testcase name="loginDBTest" time="26.854" classname="com.training.regression.tests.Add_mulproduct_rewardspoint_RTTC_071"/>
</testsuite> <!-- com.training.regression.tests.Add_mulproduct_rewardspoint_RTTC_071 -->
