<?xml version="1.0" encoding="UTF-8"?>
<!-- Generated by org.testng.reporters.JUnitReportReporter -->
<testsuite skipped="0" hostname="DESKTOP-6AJ6SAC" name="com.training.sanity.tests.CheckOrderDetailsRTTC_045Tests" tests="2" failures="0" timestamp="07 Jun 2019 12:11:12 GMT" time="11.889" errors="0">
  <testcase name="validLoginTest" time="5.495" classname="com.training.sanity.tests.CheckOrderDetailsRTTC_045Tests"/>
  <testcase name="ReportsCheck" time="6.394" classname="com.training.sanity.tests.CheckOrderDetailsRTTC_045Tests"/>
</testsuite> <!-- com.training.sanity.tests.CheckOrderDetailsRTTC_045Tests -->
