<?xml version="1.0" encoding="UTF-8"?>
<!-- Generated by org.testng.reporters.JUnitReportReporter -->
<testsuite skipped="0" hostname="DESKTOP-6AJ6SAC" name="com.training.sanity.tests.DeleteOkTests_RTTC_013" tests="5" failures="0" timestamp="29 May 2019 05:26:20 GMT" time="23.607" errors="0">
  <testcase name="setUp" time="9.733" classname="com.training.sanity.tests.DeleteOkTests_RTTC_013"/>
  <testcase name="validLoginTest" time="5.504" classname="com.training.sanity.tests.DeleteOkTests_RTTC_013"/>
  <testcase name="CatalogTest" time="4.405" classname="com.training.sanity.tests.DeleteOkTests_RTTC_013"/>
  <testcase name="CatalogName" time="0.116" classname="com.training.sanity.tests.DeleteOkTests_RTTC_013"/>
  <testcase name="DeleteTest" time="3.849" classname="com.training.sanity.tests.DeleteOkTests_RTTC_013"/>
</testsuite> <!-- com.training.sanity.tests.DeleteOkTests_RTTC_013 -->
