<?xml version="1.0" encoding="UTF-8"?>
<!-- Generated by org.testng.reporters.JUnitReportReporter -->
<testsuite skipped="0" hostname="DESKTOP-6AJ6SAC" name="com.training.sanity.tests.DeleteProductRTTC_015Tests" tests="3" failures="0" timestamp="06 Jun 2019 11:54:48 GMT" time="22.116" errors="0">
  <testcase name="validLoginTest" time="12.688" classname="com.training.sanity.tests.DeleteProductRTTC_015Tests"/>
  <testcase name="CatalogTest" time="7.782" classname="com.training.sanity.tests.DeleteProductRTTC_015Tests"/>
  <testcase name="DeleteTest" time="1.646" classname="com.training.sanity.tests.DeleteProductRTTC_015Tests"/>
</testsuite> <!-- com.training.sanity.tests.DeleteProductRTTC_015Tests -->
