<?xml version="1.0" encoding="UTF-8"?>
<!-- Generated by org.testng.reporters.JUnitReportReporter -->
<testsuite skipped="0" hostname="DESKTOP-6AJ6SAC" name="com.training.sanity.tests.ProductDetails_RTTC_014Tests" tests="4" failures="0" timestamp="28 May 2019 13:58:44 GMT" time="77.001" errors="0">
  <testcase name="setUp" time="63.499" classname="com.training.sanity.tests.ProductDetails_RTTC_014Tests"/>
  <testcase name="validLoginTest" time="7.662" classname="com.training.sanity.tests.ProductDetails_RTTC_014Tests"/>
  <testcase name="CatalogTest" time="2.515" classname="com.training.sanity.tests.ProductDetails_RTTC_014Tests"/>
  <testcase name="validProductCredentialsTest" time="3.325" classname="com.training.sanity.tests.ProductDetails_RTTC_014Tests"/>
</testsuite> <!-- com.training.sanity.tests.ProductDetails_RTTC_014Tests -->
